<?xml version="1.0" encoding="UTF-8"?>
<!-- Generated by org.testng.reporters.JUnitReportReporter -->
<testsuite skipped="0" hostname="Ravi" name="com.TestNg.Programs.AnnatonsPrograms" tests="2" failures="0" timestamp="2021-07-14T11:53:51 IST" time="0.024" errors="0">
  <testcase name="method1" time="0.016" classname="com.TestNg.Programs.AnnatonsPrograms"/>
  <system-out/>
  <testcase name="method" time="0.008" classname="com.TestNg.Programs.AnnatonsPrograms"/>
  <system-out/>
</testsuite> <!-- com.TestNg.Programs.AnnatonsPrograms -->
