<?xml version="1.0" encoding="UTF-8"?>
<!-- Generated by org.testng.reporters.JUnitReportReporter -->
<testsuite skipped="0" hostname="Ravi" name="com.TestNg.Programs.program" tests="2" failures="0" timestamp="2021-07-14T09:11:55 IST" time="0.022" errors="0">
  <testcase name="method" time="0.017" classname="com.TestNg.Programs.program"/>
  <system-out/>
  <testcase name="method1" time="0.005" classname="com.TestNg.Programs.program"/>
  <system-out/>
</testsuite> <!-- com.TestNg.Programs.program -->
